<?xml version="1.0" encoding="UTF-8"?>
<!-- Generated by org.testng.reporters.JUnitReportReporter -->
<testsuite hostname="DESKTOP-UMSBFMM" name="com.training.sanity.tests.CourseCatalog_ELTC_013" tests="3" failures="0" timestamp="5 Jul 2019 11:33:17 GMT" time="18.993" errors="0">
  <testcase name="validLoginTest" time="5.082" classname="com.training.sanity.tests.CourseCatalog_ELTC_013"/>
  <testcase name="validCourseSubscribeTest" time="10.992" classname="com.training.sanity.tests.CourseCatalog_ELTC_013"/>
  <testcase name="validLogoutTest" time="2.919" classname="com.training.sanity.tests.CourseCatalog_ELTC_013"/>
</testsuite> <!-- com.training.sanity.tests.CourseCatalog_ELTC_013 -->
