<?xml version="1.0" encoding="UTF-8"?>
<!-- Generated by org.testng.reporters.JUnitReportReporter -->
<testsuite hostname="DESKTOP-UMSBFMM" name="com.training.sanity.tests.CourseCatalog_ELTC_013" tests="3" failures="0" timestamp="3 Jul 2019 05:08:51 GMT" time="36.210" errors="0">
  <testcase name="validLoginTest" time="16.401" classname="com.training.sanity.tests.CourseCatalog_ELTC_013"/>
  <testcase name="validCourseSubscribeTest" time="12.191" classname="com.training.sanity.tests.CourseCatalog_ELTC_013"/>
  <testcase name="validLogoutTest" time="7.618" classname="com.training.sanity.tests.CourseCatalog_ELTC_013"/>
</testsuite> <!-- com.training.sanity.tests.CourseCatalog_ELTC_013 -->
