<?xml version="1.0" encoding="UTF-8"?>
<!-- Generated by org.testng.reporters.JUnitReportReporter -->
<testsuite hostname="DESKTOP-UMSBFMM" name="com.training.sanity.tests.GroupChat_ELTC_045" tests="3" failures="0" timestamp="10 Jul 2019 13:01:59 GMT" time="12.301" errors="0">
  <testcase name="validLoginTest" time="2.610" classname="com.training.sanity.tests.GroupChat_ELTC_045"/>
  <testcase name="groupChatTest" time="7.444" classname="com.training.sanity.tests.GroupChat_ELTC_045"/>
  <testcase name="validLogoutTest" time="2.247" classname="com.training.sanity.tests.GroupChat_ELTC_045"/>
</testsuite> <!-- com.training.sanity.tests.GroupChat_ELTC_045 -->
