<?xml version="1.0" encoding="UTF-8"?>
<!-- Generated by org.testng.reporters.JUnitReportReporter -->
<testsuite hostname="DESKTOP-UMSBFMM" name="com.training.sanity.tests.CourseDetails_ELTC_14" tests="3" failures="0" timestamp="3 Jul 2019 05:10:59 GMT" time="51.983" errors="0">
  <testcase name="validLoginTest" time="12.719" classname="com.training.sanity.tests.CourseDetails_ELTC_14"/>
  <testcase name="validLogoutTest" time="6.574" classname="com.training.sanity.tests.CourseDetails_ELTC_14"/>
  <testcase name="validCourseSubscribeTest" time="32.690" classname="com.training.sanity.tests.CourseDetails_ELTC_14"/>
</testsuite> <!-- com.training.sanity.tests.CourseDetails_ELTC_14 -->
