<?xml version="1.0" encoding="UTF-8"?>
<!-- Generated by org.testng.reporters.JUnitReportReporter -->
<testsuite hostname="DESKTOP-UMSBFMM" name="com.training.sanity.tests.GroupChat_ELTC_045" tests="3" failures="0" timestamp="9 Jul 2019 04:49:28 GMT" time="44.477" errors="0">
  <testcase name="validLoginTest" time="11.442" classname="com.training.sanity.tests.GroupChat_ELTC_045"/>
  <testcase name="groupChatTest" time="28.075" classname="com.training.sanity.tests.GroupChat_ELTC_045"/>
  <testcase name="validLogoutTest" time="4.960" classname="com.training.sanity.tests.GroupChat_ELTC_045"/>
</testsuite> <!-- com.training.sanity.tests.GroupChat_ELTC_045 -->
