<?xml version="1.0" encoding="UTF-8"?>
<!-- Generated by org.testng.reporters.JUnitReportReporter -->
<testsuite hostname="DESKTOP-UMSBFMM" name="com.training.sanity.tests.ForumDiscussion_ELTC_044" tests="3" failures="0" timestamp="10 Jul 2019 13:01:32 GMT" time="19.248" errors="0">
  <testcase name="validLogoutTest" time="2.368" classname="com.training.sanity.tests.ForumDiscussion_ELTC_044"/>
  <testcase name="validCourseSubscribeTest" time="14.877" classname="com.training.sanity.tests.ForumDiscussion_ELTC_044"/>
  <testcase name="validLoginTest" time="2.003" classname="com.training.sanity.tests.ForumDiscussion_ELTC_044"/>
</testsuite> <!-- com.training.sanity.tests.ForumDiscussion_ELTC_044 -->
