<?xml version="1.0" encoding="UTF-8"?>
<!-- Generated by org.testng.reporters.JUnitReportReporter -->
<testsuite hostname="DESKTOP-UMSBFMM" name="com.training.sanity.tests.CourseDetails_ELTC_14" tests="3" failures="0" timestamp="5 Jul 2019 11:33:58 GMT" time="21.627" errors="0">
  <testcase name="validLoginTest" time="2.697" classname="com.training.sanity.tests.CourseDetails_ELTC_14"/>
  <testcase name="validLogoutTest" time="3.350" classname="com.training.sanity.tests.CourseDetails_ELTC_14"/>
  <testcase name="validCourseSubscribeTest" time="15.580" classname="com.training.sanity.tests.CourseDetails_ELTC_14"/>
</testsuite> <!-- com.training.sanity.tests.CourseDetails_ELTC_14 -->
