<?xml version="1.0" encoding="UTF-8"?>
<!-- Generated by org.testng.reporters.JUnitReportReporter -->
<testsuite hostname="DESKTOP-UMSBFMM" name="com.training.sanity.tests.LogoutTests_ELTC_015" tests="2" failures="0" timestamp="3 Jul 2019 05:03:27 GMT" time="28.546" errors="0">
  <testcase name="validLogoutTest" time="8.427" classname="com.training.sanity.tests.LogoutTests_ELTC_015"/>
  <testcase name="validLoginTest" time="20.119" classname="com.training.sanity.tests.LogoutTests_ELTC_015"/>
</testsuite> <!-- com.training.sanity.tests.LogoutTests_ELTC_015 -->
